Using pre-set license
Built from '2020.3/china_unity/release' branch; Version is '2020.3.8f1c1 (0b92326fa640) revision 758322'; Using compiler version '192528614'; Build Type 'Release'
OS: 'Windows 10 Pro; OS build 19043.1023; Version 2009; 64bit' Language: 'en' Physical Memory: 16332 MB
BatchMode: 1, IsHumanControllingUs: 0, StartBugReporterOnCrash: 0, Is64bit: 1, IsPro: 0

 COMMAND LINE ARGUMENTS:
D:\Unity\UnityEditor\2020.3.8f1c1\Editor\Unity.exe
-adb2
-batchMode
-noUpm
-name
AssetImportWorker0
-projectPath
E:/Study/Unity/pro/Minecraft Unity Edition
-logFile
Logs/AssetImportWorker0.log
-srvPort
54531
Successfully changed project path to: E:/Study/Unity/pro/Minecraft Unity Edition
E:/Study/Unity/pro/Minecraft Unity Edition
Using Asset Import Pipeline V2.
Refreshing native plugins compatible for Editor in 18.17 ms, found 0 plugins.
Preloading 0 native plugins for Editor in 0.00 ms.
Initialize engine version: 2020.3.8f1c1 (0b92326fa640)
[Subsystems] Discovering subsystems at path D:/Unity/UnityEditor/2020.3.8f1c1/Editor/Data/Resources/UnitySubsystems
[Subsystems] Discovering subsystems at path E:/Study/Unity/pro/Minecraft Unity Edition/Assets
GfxDevice: creating device client; threaded=0
Direct3D:
    Version:  Direct3D 11.0 [level 11.1]
    Renderer: NVIDIA GeForce GTX 1660 (ID=0x2184)
    Vendor:   
    VRAM:     5991 MB
    Driver:   27.21.14.6663
Initialize mono
Mono path[0] = 'D:/Unity/UnityEditor/2020.3.8f1c1/Editor/Data/Managed'
Mono path[1] = 'D:/Unity/UnityEditor/2020.3.8f1c1/Editor/Data/MonoBleedingEdge/lib/mono/unityjit'
Mono config path = 'D:/Unity/UnityEditor/2020.3.8f1c1/Editor/Data/MonoBleedingEdge/etc'
Using monoOptions --debugger-agent=transport=dt_socket,embedding=1,server=y,suspend=n,address=127.0.0.1:56592
Begin MonoManager ReloadAssembly
Registering precompiled unity dll's ...
Register platform support module: D:/Unity/UnityEditor/2020.3.8f1c1/Editor/Data/PlaybackEngines/WindowsStandaloneSupport/UnityEditor.WindowsStandalone.Extensions.dll
Registered in 0.000859 seconds.
Native extension for WindowsStandalone target not found
Refreshing native plugins compatible for Editor in 19.10 ms, found 0 plugins.
Preloading 0 native plugins for Editor in 0.00 ms.
Mono: successfully reloaded assembly
- Completed reload, in  0.964 seconds
Platform modules already initialized, skipping
Registering precompiled user dll's ...
Registered in 0.000339 seconds.
Begin MonoManager ReloadAssembly
Native extension for WindowsStandalone target not found
Refreshing native plugins compatible for Editor in 0.19 ms, found 0 plugins.
Preloading 0 native plugins for Editor in 0.00 ms.
Mono: successfully reloaded assembly
- Completed reload, in  0.618 seconds
Platform modules already initialized, skipping
========================================================================
Worker process is ready to serve import requests
Launched and connected shader compiler UnityShaderCompiler.exe after 0.04 seconds
Refreshing native plugins compatible for Editor in 0.19 ms, found 0 plugins.
Preloading 0 native plugins for Editor in 0.00 ms.
Unloading 1116 Unused Serialized files (Serialized files now loaded: 0)
System memory in use before: 57.1 MB.
System memory in use after: 57.2 MB.

Unloading 9 unused Assets to reduce memory usage. Loaded Objects now: 1559.
Total: 1.499200 ms (FindLiveObjects: 0.122400 ms CreateObjectMapping: 0.025700 ms MarkObjects: 1.297800 ms  DeleteObjects: 0.052100 ms)

========================================================================
Received Import Request.
  path: Assets/Materials/red.mat
  artifactKey: Guid(815aab4f67862054f96bd198a3b306b0) Importer(815301076,1909f56bfc062723c751e8b465ee728b)
Start importing Assets/Materials/red.mat using Guid(815aab4f67862054f96bd198a3b306b0) Importer(815301076,1909f56bfc062723c751e8b465ee728b)  -> (artifact id: 'be5c97fb5441c7221682b9a00a638d42') in 0.077698 seconds
  Import took 0.079309 seconds .

========================================================================
Received Import Request.
  Time since last request: 19.331321 seconds.
  path: Assets/Scripts/client/setting
  artifactKey: Guid(6bebc9be33e06754780dc47c8d8e397b) Importer(815301076,1909f56bfc062723c751e8b465ee728b)
Start importing Assets/Scripts/client/setting using Guid(6bebc9be33e06754780dc47c8d8e397b) Importer(815301076,1909f56bfc062723c751e8b465ee728b)  -> (artifact id: 'cf23e7b8e5e6d50f13c257d69a9bdb2f') in 0.005024 seconds
  Import took 0.006726 seconds .

========================================================================
Received Import Request.
  Time since last request: 14.608931 seconds.
  path: Assets/Scripts/client/setting/KeyBinding.cs
  artifactKey: Guid(efb18b7a22acd24499b30ecc349decaf) Importer(815301076,1909f56bfc062723c751e8b465ee728b)
Start importing Assets/Scripts/client/setting/KeyBinding.cs using Guid(efb18b7a22acd24499b30ecc349decaf) Importer(815301076,1909f56bfc062723c751e8b465ee728b)  -> (artifact id: '701a6332997c780fc8c4ada569c158be') in 0.040373 seconds
  Import took 0.042067 seconds .

========================================================================
Received Import Request.
  Time since last request: 30.037502 seconds.
  path: Assets/Scripts/client/setting/KeyBinding.cs
  artifactKey: Guid(efb18b7a22acd24499b30ecc349decaf) Importer(815301076,1909f56bfc062723c751e8b465ee728b)
Start importing Assets/Scripts/client/setting/KeyBinding.cs using Guid(efb18b7a22acd24499b30ecc349decaf) Importer(815301076,1909f56bfc062723c751e8b465ee728b)  -> (artifact id: 'a5055a82504ca13efd63f08df9b8a07c') in 0.001697 seconds
  Import took 0.003525 seconds .

========================================================================
Received Prepare
Registering precompiled user dll's ...
Registered in 0.000371 seconds.
Begin MonoManager ReloadAssembly
Native extension for WindowsStandalone target not found
Refreshing native plugins compatible for Editor in 0.20 ms, found 0 plugins.
Preloading 0 native plugins for Editor in 0.00 ms.
Mono: successfully reloaded assembly
- Completed reload, in  0.590 seconds
Platform modules already initialized, skipping
Refreshing native plugins compatible for Editor in 0.18 ms, found 0 plugins.
Preloading 0 native plugins for Editor in 0.00 ms.
Unloading 1111 Unused Serialized files (Serialized files now loaded: 0)
System memory in use before: 60.3 MB.
System memory in use after: 60.4 MB.

Unloading 4 unused Assets to reduce memory usage. Loaded Objects now: 1603.
Total: 1.428800 ms (FindLiveObjects: 0.124500 ms CreateObjectMapping: 0.046700 ms MarkObjects: 1.246400 ms  DeleteObjects: 0.010300 ms)

========================================================================
Received Prepare
Registering precompiled user dll's ...
Registered in 0.000401 seconds.
Begin MonoManager ReloadAssembly
Native extension for WindowsStandalone target not found
Refreshing native plugins compatible for Editor in 0.19 ms, found 0 plugins.
Preloading 0 native plugins for Editor in 0.00 ms.
Mono: successfully reloaded assembly
- Completed reload, in  0.585 seconds
Platform modules already initialized, skipping
Refreshing native plugins compatible for Editor in 0.18 ms, found 0 plugins.
Preloading 0 native plugins for Editor in 0.00 ms.
Unloading 1111 Unused Serialized files (Serialized files now loaded: 0)
System memory in use before: 60.3 MB.
System memory in use after: 60.4 MB.

Unloading 4 unused Assets to reduce memory usage. Loaded Objects now: 1606.
Total: 1.396800 ms (FindLiveObjects: 0.130100 ms CreateObjectMapping: 0.024800 ms MarkObjects: 1.230600 ms  DeleteObjects: 0.010600 ms)

AssetImportWorkerClient::OnTransportError - code=2 error=End of file
